Preparing the remote apply...

To view this run in a browser, visit:
https://app.terraform.io/app/triplea-tf/infra/runs/run-avs2CeteGPu2MBB3

Waiting for the plan to start...

Terraform v1.14.8
on linux_amd64
Initializing plugins and modules...
Initializing HCP Terraform...
Initializing provider plugins...
- Reusing previous version of linode/linode from the dependency lock file
- Finding hashicorp/local versions matching "~> 2.0"...
- Installing linode/linode v3.0.0...
- Installing hashicorp/local v2.8.0...
- Installed hashicorp/local v2.8.0 (signed by HashiCorp)
╷
│ Error: Failed to install provider
│
│ Error while installing linode/linode v3.0.0: github.com: Get
│ "https://release-assets.githubusercontent.com/github-production-release-asset/153338661/52f34284-c3e9-481c-bf6d-69c937a4b010?sp=r&sv=2018-11-09&sr=b&spr=https&se=2026-04-19T05%3A06%3A12Z&rscd=attachment%3B+filename%3Dterraform-provider-linode_3.0.0_linux_amd64.zip&rsct=application%2Foctet-stream&skoid=96c2d410-5711-43a1-aedd-ab1947aa7ab0&sktid=398a6654-997b-47e9-b12b-9515b896b4de&skt=2026-04-19T04%3A05%3A39Z&ske=2026-04-19T05%3A06%3A12Z&sks=b&skv=2018-11-09&sig=rQciwM6dqFJzjl%2B4Kdu%2FuVuMX8QMPIH6EjO%2BwctgHQk%3D&jwt=eyJ0eXAiOiJKV1QiLCJhbGciOiJIUzI1NiJ9.eyJpc3MiOiJnaXRodWIuY29tIiwiYXVkIjoicmVsZWFzZS1hc3NldHMuZ2l0aHVidXNlcmNvbnRlbnQuY29tIiwia2V5Ijoia2V5MSIsImV4cCI6MTc3NjU3NDUzOSwibmJmIjoxNzc2NTcyNzM5LCJwYXRoIjoicmVsZWFzZWFzc2V0cHJvZHVjdGlvbi5ibG9iLmNvcmUud2luZG93cy5uZXQifQ.tsJg99QZ6jmzF9Mwr0cWbuduAw9VlNMx4aZOwZM-2YI&response-content-disposition=attachment%3B%20filename%3Dterraform-provider-linode_3.0.0_linux_amd64.zip&response-content-type=application%2Foctet-stream":
│ read tcp 192.168.100.4:48962->185.199.109.133:443: read: connection reset
│ by peer
╵
Operation failed: failed running terraform init (exit 1)
make: *** [Makefile:23: apply] Error 1
